Unity Editor version:    2022.3.4f1 (35713cd46cd7)
Branch:                  2022.3/staging
Build type:              Release
Batch mode:              YES
macOS version:           Version 13.1 (Build 22C65)
Darwin version:          22.2.0
Architecture:            arm64
Running under Rosetta:   NO
Available memory:        16384 MB

The following diagnostic switches are modified from their default values:
	ProfileOpenCLJobs: False (default True)

Using pre-set license
Pro License: YES

COMMAND LINE ARGUMENTS:
/Applications/Unity/Hub/Editor/2022.3.4f1/Unity.app/Contents/MacOS/Unity
-adb2
-batchMode
-noUpm
-name
AssetImportWorker0
-projectPath
/Users/talhatoprak/Desktop/Learn/DesingPatterns/EventBus/EventBus/EventBus
-logFile
Logs/AssetImportWorker0.log
-srvPort
63142
Successfully changed project path to: /Users/talhatoprak/Desktop/Learn/DesingPatterns/EventBus/EventBus/EventBus
/Users/talhatoprak/Desktop/Learn/DesingPatterns/EventBus/EventBus/EventBus
[UnityMemory] Configuration Parameters - Can be set up in boot.config
    "memorysetup-bucket-allocator-granularity=16"
    "memorysetup-bucket-allocator-bucket-count=8"
    "memorysetup-bucket-allocator-block-size=33554432"
    "memorysetup-bucket-allocator-block-count=8"
    "memorysetup-main-allocator-block-size=16777216"
    "memorysetup-thread-allocator-block-size=16777216"
    "memorysetup-gfx-main-allocator-block-size=16777216"
    "memorysetup-gfx-thread-allocator-block-size=16777216"
    "memorysetup-cache-allocator-block-size=4194304"
    "memorysetup-typetree-allocator-block-size=2097152"
    "memorysetup-profiler-bucket-allocator-granularity=16"
    "memorysetup-profiler-bucket-allocator-bucket-count=8"
    "memorysetup-profiler-bucket-allocator-block-size=33554432"
    "memorysetup-profiler-bucket-allocator-block-count=8"
    "memorysetup-profiler-allocator-block-size=16777216"
    "memorysetup-profiler-editor-allocator-block-size=1048576"
    "memorysetup-temp-allocator-size-main=16777216"
    "memorysetup-job-temp-allocator-block-size=2097152"
    "memorysetup-job-temp-allocator-block-size-background=1048576"
    "memorysetup-job-temp-allocator-reduction-small-platforms=262144"
    "memorysetup-allocator-temp-initial-block-size-main=262144"
    "memorysetup-allocator-temp-initial-block-size-worker=262144"
    "memorysetup-temp-allocator-size-background-worker=32768"
    "memorysetup-temp-allocator-size-job-worker=262144"
    "memorysetup-temp-allocator-size-preload-manager=33554432"
    "memorysetup-temp-allocator-size-nav-mesh-worker=65536"
    "memorysetup-temp-allocator-size-audio-worker=65536"
    "memorysetup-temp-allocator-size-cloud-worker=32768"
    "memorysetup-temp-allocator-size-gi-baking-worker=262144"
    "memorysetup-temp-allocator-size-gfx=262144"
Player connection [8793160320] Host "[IP] 192.168.1.64 [Port] 0 [Flags] 2 [Guid] 422599282 [EditorId] 422599282 [Version] 1048832 [Id] OSXEditor(0,192.168.1.64) [Debug] 1 [PackageName] OSXEditor [ProjectName] Editor" joined multi-casting on [225.0.0.222:54997]...

Player connection [8793160320] Host "[IP] 192.168.1.64 [Port] 0 [Flags] 2 [Guid] 422599282 [EditorId] 422599282 [Version] 1048832 [Id] OSXEditor(0,192.168.1.64) [Debug] 1 [PackageName] OSXEditor [ProjectName] Editor" joined alternative multi-casting on [225.0.0.222:34997]...

Refreshing native plugins compatible for Editor in 7.94 ms, found 2 plugins.
Preloading 0 native plugins for Editor in 0.00 ms.
Initialize engine version: 2022.3.4f1 (35713cd46cd7)
[Subsystems] Discovering subsystems at path /Applications/Unity/Hub/Editor/2022.3.4f1/Unity.app/Contents/Resources/UnitySubsystems
[Subsystems] Discovering subsystems at path /Users/talhatoprak/Desktop/Learn/DesingPatterns/EventBus/EventBus/EventBus/Assets
GfxDevice: creating device client; threaded=0; jobified=0
 preferred device: Apple M1 Pro (high power)
Metal devices available: 1
0: Apple M1 Pro (high power)
Using device Apple M1 Pro (high power)
Initializing Metal device caps: Apple M1 Pro
Initialize mono
Mono path[0] = '/Applications/Unity/Hub/Editor/2022.3.4f1/Unity.app/Contents/Managed'
Mono path[1] = '/Applications/Unity/Hub/Editor/2022.3.4f1/Unity.app/Contents/MonoBleedingEdge/lib/mono/unityjit-macos'
Mono config path = '/Applications/Unity/Hub/Editor/2022.3.4f1/Unity.app/Contents/MonoBleedingEdge/etc'
Using monoOptions --debugger-agent=transport=dt_socket,embedding=1,server=y,suspend=n,address=127.0.0.1:56128
Begin MonoManager ReloadAssembly
Registering precompiled unity dll's ...
Register platform support module: /Applications/Unity/Hub/Editor/2022.3.4f1/Unity.app/Contents/PlaybackEngines/MacStandaloneSupport/UnityEditor.OSXStandalone.Extensions.dll
Registered in 0.002394 seconds.
- Loaded All Assemblies, in  0.218 seconds
Native extension for OSXStandalone target not found
Diagnostic switches are active and may impact performance or degrade your user experience. Switches can be configured through the Diagnostics section in the Preferences window.
	ProfileOpenCLJobs: False
Mono: successfully reloaded assembly
- Finished resetting the current domain, in  0.148 seconds
Domain Reload Profiling: 366ms
	BeginReloadAssembly (68ms)
		ExecutionOrderSort (0ms)
		DisableScriptedObjects (0ms)
		BackupInstance (0ms)
		ReleaseScriptingObjects (0ms)
		CreateAndSetChildDomain (0ms)
	RebuildCommonClasses (23ms)
	RebuildNativeTypeToScriptingClass (8ms)
	initialDomainReloadingComplete (31ms)
	LoadAllAssembliesAndSetupDomain (88ms)
		LoadAssemblies (68ms)
		RebuildTransferFunctionScriptingTraits (0ms)
		AnalyzeDomain (86ms)
			TypeCache.Refresh (85ms)
				TypeCache.ScanAssembly (79ms)
			ScanForSourceGeneratedMonoScriptInfo (0ms)
			ResolveRequiredComponents (0ms)
	FinalizeReload (148ms)
		ReleaseScriptCaches (0ms)
		RebuildScriptCaches (0ms)
		SetupLoadedEditorAssemblies (111ms)
			LogAssemblyErrors (0ms)
			InitializePlatformSupportModulesInManaged (4ms)
			SetLoadedEditorAssemblies (4ms)
			RefreshPlugins (0ms)
			BeforeProcessingInitializeOnLoad (1ms)
			ProcessInitializeOnLoadAttributes (73ms)
			ProcessInitializeOnLoadMethodAttributes (28ms)
			AfterProcessingInitializeOnLoad (0ms)
			EditorAssembliesLoaded (0ms)
		ExecutionOrderSort2 (0ms)
		AwakeInstancesAfterBackupRestoration (0ms)
========================================================================
Worker process is ready to serve import requests
Begin MonoManager ReloadAssembly
Symbol file LoadedFromMemory doesn't match image /Users/talhatoprak/Desktop/Learn/DesingPatterns/EventBus/EventBus/EventBus/Library/PackageCache/com.unity.visualscripting@1.8.0/Editor/VisualScripting.Core/Dependencies/YamlDotNet/Unity.VisualScripting.YamlDotNet.dll
Symbol file LoadedFromMemory doesn't match image /Users/talhatoprak/Desktop/Learn/DesingPatterns/EventBus/EventBus/EventBus/Library/PackageCache/com.unity.visualscripting@1.8.0/Editor/VisualScripting.Core/Dependencies/DotNetZip/Unity.VisualScripting.IonicZip.dll
- Loaded All Assemblies, in  0.434 seconds
Refreshing native plugins compatible for Editor in 0.70 ms, found 2 plugins.
Native extension for OSXStandalone target not found
Diagnostic switches are active and may impact performance or degrade your user experience. Switches can be configured through the Diagnostics section in the Preferences window.
	ProfileOpenCLJobs: False
Mono: successfully reloaded assembly
- Finished resetting the current domain, in  0.277 seconds
Domain Reload Profiling: 712ms
	BeginReloadAssembly (68ms)
		ExecutionOrderSort (0ms)
		DisableScriptedObjects (3ms)
		BackupInstance (0ms)
		ReleaseScriptingObjects (0ms)
		CreateAndSetChildDomain (14ms)
	RebuildCommonClasses (22ms)
	RebuildNativeTypeToScriptingClass (8ms)
	initialDomainReloadingComplete (21ms)
	LoadAllAssembliesAndSetupDomain (316ms)
		LoadAssemblies (167ms)
		RebuildTransferFunctionScriptingTraits (0ms)
		AnalyzeDomain (177ms)
			TypeCache.Refresh (169ms)
				TypeCache.ScanAssembly (162ms)
			ScanForSourceGeneratedMonoScriptInfo (6ms)
			ResolveRequiredComponents (2ms)
	FinalizeReload (277ms)
		ReleaseScriptCaches (0ms)
		RebuildScriptCaches (0ms)
		SetupLoadedEditorAssemblies (192ms)
			LogAssemblyErrors (0ms)
			InitializePlatformSupportModulesInManaged (3ms)
			SetLoadedEditorAssemblies (2ms)
			RefreshPlugins (0ms)
			BeforeProcessingInitializeOnLoad (32ms)
			ProcessInitializeOnLoadAttributes (143ms)
			ProcessInitializeOnLoadMethodAttributes (11ms)
			AfterProcessingInitializeOnLoad (1ms)
			EditorAssembliesLoaded (0ms)
		ExecutionOrderSort2 (0ms)
		AwakeInstancesAfterBackupRestoration (3ms)
Launching external process: /Applications/Unity/Hub/Editor/2022.3.4f1/Unity.app/Contents/Tools/UnityShaderCompiler
Launched and connected shader compiler UnityShaderCompiler after 0.05 seconds
Refreshing native plugins compatible for Editor in 1.25 ms, found 2 plugins.
Preloading 0 native plugins for Editor in 0.00 ms.
Unloading 3065 Unused Serialized files (Serialized files now loaded: 0)
Unloading 31 unused Assets / (50.5 KB). Loaded Objects now: 3529.
Memory consumption went from 120.9 MB to 120.8 MB.
Total: 2.198667 ms (FindLiveObjects: 0.089875 ms CreateObjectMapping: 0.035167 ms MarkObjects: 2.000791 ms  DeleteObjects: 0.072167 ms)

AssetImportParameters requested are different than current active one (requested -> active):
  custom:container-demuxer-ogg: 62fdf1f143b41e24485cea50d1cbac27 -> 
  custom:video-decoder-ogg-theora: a1e56fd34408186e4bbccfd4996cb3dc -> 
  custom:container-demuxer-webm: 4f35f7cbe854078d1ac9338744f61a02 -> 
  custom:container-muxer-webm: aa71ff27fc2769a1b78a27578f13a17b -> 
  custom:video-decoder-webm-vp8: 9c59270c3fd7afecdb556c50c9e8de78 -> 
  custom:AudioImporter_EditorPlatform: 3918e3fc78b5a79bad01e8451be0beb8 -> 
  custom:framework-osx-AVFoundation: e770b220cccbd017edd2c1fefb359320 -> 
  custom:video-encoder-webm-vp8: eb34c28f22e8b96e1ab97ce403110664 -> 
  custom:audio-decoder-ogg-vorbis: bf7c407c2cedff20999df2af8eb42d56 -> 
  custom:audio-encoder-webm-vorbis: bf7c407c2cedff20999df2af8eb42d56 -> 
========================================================================
Received Prepare
Refreshing native plugins compatible for Editor in 1.05 ms, found 2 plugins.
Preloading 0 native plugins for Editor in 0.00 ms.
Unloading 1 Unused Serialized files (Serialized files now loaded: 0)
Unloading 1 unused Assets / (3.0 KB). Loaded Objects now: 3529.
Memory consumption went from 72.5 MB to 72.5 MB.
Total: 2.374708 ms (FindLiveObjects: 0.097625 ms CreateObjectMapping: 0.034709 ms MarkObjects: 2.227958 ms  DeleteObjects: 0.014041 ms)

Prepare: number of updated asset objects reloaded= 0
AssetImportParameters requested are different than current active one (requested -> active):
  custom:container-demuxer-ogg: 62fdf1f143b41e24485cea50d1cbac27 -> 
  custom:video-decoder-ogg-theora: a1e56fd34408186e4bbccfd4996cb3dc -> 
  custom:CustomObjectIndexerAttribute: 756ad292c208cfabdd7b50bc23989ffe -> 
  custom:container-demuxer-webm: 4f35f7cbe854078d1ac9338744f61a02 -> 
  custom:container-muxer-webm: aa71ff27fc2769a1b78a27578f13a17b -> 
  custom:video-decoder-webm-vp8: 9c59270c3fd7afecdb556c50c9e8de78 -> 
  custom:AudioImporter_EditorPlatform: 3918e3fc78b5a79bad01e8451be0beb8 -> 
  custom:framework-osx-AVFoundation: e770b220cccbd017edd2c1fefb359320 -> 
  custom:video-encoder-webm-vp8: eb34c28f22e8b96e1ab97ce403110664 -> 
  custom:audio-decoder-ogg-vorbis: bf7c407c2cedff20999df2af8eb42d56 -> 
  custom:audio-encoder-webm-vorbis: bf7c407c2cedff20999df2af8eb42d56 -> 
========================================================================
Received Import Request.
  Time since last request: 1226342.367661 seconds.
  path: Assets/Game/Scenes/SampleScene.unity
  artifactKey: Guid(9fc0d4010bbf28b4594072e72b8655ab) Importer(815301076,1909f56bfc062723c751e8b465ee728b)
Start importing Assets/Game/Scenes/SampleScene.unity using Guid(9fc0d4010bbf28b4594072e72b8655ab) Importer(815301076,1909f56bfc062723c751e8b465ee728b)  -> (artifact id: 'a85bec50c8be757587fedfaade313866') in 0.001926 seconds
Number of updated asset objects reloaded before import = 0
Number of asset objects unloaded after import = 0
========================================================================
Received Import Request.
  Time since last request: 5.771248 seconds.
  path: Assets/Game/Scenes/EventBus.unity
  artifactKey: Guid(9fc0d4010bbf28b4594072e72b8655ab) Importer(815301076,1909f56bfc062723c751e8b465ee728b)
Start importing Assets/Game/Scenes/EventBus.unity using Guid(9fc0d4010bbf28b4594072e72b8655ab) Importer(815301076,1909f56bfc062723c751e8b465ee728b)  -> (artifact id: '15d45347f34275ed60f10153bcb39149') in 0.000352 seconds
Number of updated asset objects reloaded before import = 0
Number of asset objects unloaded after import = 0
========================================================================
Received Import Request.
  Time since last request: 8.848523 seconds.
  path: Assets/Game/Animations
  artifactKey: Guid(67f5c740325244421a4dc2475d5f2f31) Importer(815301076,1909f56bfc062723c751e8b465ee728b)
Start importing Assets/Game/Animations using Guid(67f5c740325244421a4dc2475d5f2f31) Importer(815301076,1909f56bfc062723c751e8b465ee728b)  -> (artifact id: 'fd959616db67040b3ae853533e29f49e') in 0.000407 seconds
Number of updated asset objects reloaded before import = 0
Number of asset objects unloaded after import = 0
========================================================================
Received Import Request.
  Time since last request: 0.518130 seconds.
  path: Assets/Game/Animations 1
  artifactKey: Guid(8ea9a9e9eea874b97aecbde61d3ec4f8) Importer(815301076,1909f56bfc062723c751e8b465ee728b)
Start importing Assets/Game/Animations 1 using Guid(8ea9a9e9eea874b97aecbde61d3ec4f8) Importer(815301076,1909f56bfc062723c751e8b465ee728b)  -> (artifact id: '6c5638128de1c21741ca20073ab96117') in 0.000322 seconds
Number of updated asset objects reloaded before import = 0
Number of asset objects unloaded after import = 0
========================================================================
Received Import Request.
  Time since last request: 0.139785 seconds.
  path: Assets/Game/Animations 2
  artifactKey: Guid(37f138f4ece22404ab181053c474870a) Importer(815301076,1909f56bfc062723c751e8b465ee728b)
Start importing Assets/Game/Animations 2 using Guid(37f138f4ece22404ab181053c474870a) Importer(815301076,1909f56bfc062723c751e8b465ee728b)  -> (artifact id: '6dd9b51ca051ab2db7e6847a77380a25') in 0.000338 seconds
Number of updated asset objects reloaded before import = 0
Number of asset objects unloaded after import = 0
========================================================================
Received Import Request.
  Time since last request: 0.163419 seconds.
  path: Assets/Game/Animations 3
  artifactKey: Guid(9cbd041fa82b54d80b3eb980a89dcad8) Importer(815301076,1909f56bfc062723c751e8b465ee728b)
Start importing Assets/Game/Animations 3 using Guid(9cbd041fa82b54d80b3eb980a89dcad8) Importer(815301076,1909f56bfc062723c751e8b465ee728b)  -> (artifact id: '48c75b39afe85e77a04ce5650f03182f') in 0.000332 seconds
Number of updated asset objects reloaded before import = 0
Number of asset objects unloaded after import = 0
========================================================================
Received Import Request.
  Time since last request: 0.173608 seconds.
  path: Assets/Game/Animations 4
  artifactKey: Guid(6088b75f53076433897d2c0d1eda8ea6) Importer(815301076,1909f56bfc062723c751e8b465ee728b)
Start importing Assets/Game/Animations 4 using Guid(6088b75f53076433897d2c0d1eda8ea6) Importer(815301076,1909f56bfc062723c751e8b465ee728b)  -> (artifact id: 'e81780c78eb724c09ea9c31a4ed1418c') in 0.000322 seconds
Number of updated asset objects reloaded before import = 0
Number of asset objects unloaded after import = 0
========================================================================
Received Import Request.
  Time since last request: 3.705754 seconds.
  path: Assets/Game/Models
  artifactKey: Guid(8ea9a9e9eea874b97aecbde61d3ec4f8) Importer(815301076,1909f56bfc062723c751e8b465ee728b)
Start importing Assets/Game/Models using Guid(8ea9a9e9eea874b97aecbde61d3ec4f8) Importer(815301076,1909f56bfc062723c751e8b465ee728b)  -> (artifact id: '535c81d00b541fcb09e9f05ac0291084') in 0.000280 seconds
Number of updated asset objects reloaded before import = 0
Number of asset objects unloaded after import = 0
========================================================================
Received Import Request.
  Time since last request: 6.869682 seconds.
  path: Assets/Game/Prefabs
  artifactKey: Guid(37f138f4ece22404ab181053c474870a) Importer(815301076,1909f56bfc062723c751e8b465ee728b)
Start importing Assets/Game/Prefabs using Guid(37f138f4ece22404ab181053c474870a) Importer(815301076,1909f56bfc062723c751e8b465ee728b)  -> (artifact id: 'd8a110ce708aecac37e21902caaee4de') in 0.000284 seconds
Number of updated asset objects reloaded before import = 0
Number of asset objects unloaded after import = 0
========================================================================
Received Import Request.
  Time since last request: 3.878947 seconds.
  path: Assets/Game/UI
  artifactKey: Guid(9cbd041fa82b54d80b3eb980a89dcad8) Importer(815301076,1909f56bfc062723c751e8b465ee728b)
Start importing Assets/Game/UI using Guid(9cbd041fa82b54d80b3eb980a89dcad8) Importer(815301076,1909f56bfc062723c751e8b465ee728b)  -> (artifact id: 'c8658eabe10e928ae55cdcb5156a984a') in 0.000251 seconds
Number of updated asset objects reloaded before import = 0
Number of asset objects unloaded after import = 0
========================================================================
Received Import Request.
  Time since last request: 3.601846 seconds.
  path: Assets/Game/Scripts
  artifactKey: Guid(6088b75f53076433897d2c0d1eda8ea6) Importer(815301076,1909f56bfc062723c751e8b465ee728b)
Start importing Assets/Game/Scripts using Guid(6088b75f53076433897d2c0d1eda8ea6) Importer(815301076,1909f56bfc062723c751e8b465ee728b)  -> (artifact id: '218b657aa0f59e9df05274280645994b') in 0.000287 seconds
Number of updated asset objects reloaded before import = 0
Number of asset objects unloaded after import = 0
========================================================================
Received Import Request.
  Time since last request: 11.946221 seconds.
  path: Assets/Game/Scripts/Play
  artifactKey: Guid(e673831afba3a4d5ea8ffc7bc192e9a4) Importer(815301076,1909f56bfc062723c751e8b465ee728b)
Start importing Assets/Game/Scripts/Play using Guid(e673831afba3a4d5ea8ffc7bc192e9a4) Importer(815301076,1909f56bfc062723c751e8b465ee728b)  -> (artifact id: 'f8bfc90466d632991e4a268e87d7868a') in 0.000410 seconds
Number of updated asset objects reloaded before import = 0
Number of asset objects unloaded after import = 0
========================================================================
Received Import Request.
  Time since last request: 0.479480 seconds.
  path: Assets/Game/Scripts/Play 1
  artifactKey: Guid(5cc8478d810664494aee752241da3318) Importer(815301076,1909f56bfc062723c751e8b465ee728b)
Start importing Assets/Game/Scripts/Play 1 using Guid(5cc8478d810664494aee752241da3318) Importer(815301076,1909f56bfc062723c751e8b465ee728b)  -> (artifact id: '3665a27cc8e542fe0e47cd56a8a967bf') in 0.000329 seconds
Number of updated asset objects reloaded before import = 0
Number of asset objects unloaded after import = 0
========================================================================
Received Import Request.
  Time since last request: 0.160676 seconds.
  path: Assets/Game/Scripts/Play 2
  artifactKey: Guid(b042384db5ce949b19bf4bca70a518c4) Importer(815301076,1909f56bfc062723c751e8b465ee728b)
Start importing Assets/Game/Scripts/Play 2 using Guid(b042384db5ce949b19bf4bca70a518c4) Importer(815301076,1909f56bfc062723c751e8b465ee728b)  -> (artifact id: '7b053df4661b01e630ae157f5f8dc643') in 0.000323 seconds
Number of updated asset objects reloaded before import = 0
Number of asset objects unloaded after import = 0
========================================================================
Received Import Request.
  Time since last request: 0.148282 seconds.
  path: Assets/Game/Scripts/Play 3
  artifactKey: Guid(4c62e04a3d0de43f9ae8be4b00fe1e9e) Importer(815301076,1909f56bfc062723c751e8b465ee728b)
Start importing Assets/Game/Scripts/Play 3 using Guid(4c62e04a3d0de43f9ae8be4b00fe1e9e) Importer(815301076,1909f56bfc062723c751e8b465ee728b)  -> (artifact id: '84b944e5672b693bf5346e6a39be4dfd') in 0.000314 seconds
Number of updated asset objects reloaded before import = 0
Number of asset objects unloaded after import = 0
========================================================================
Received Import Request.
  Time since last request: 4.691577 seconds.
  path: Assets/Game/Scripts/Utilities
  artifactKey: Guid(5cc8478d810664494aee752241da3318) Importer(815301076,1909f56bfc062723c751e8b465ee728b)
Start importing Assets/Game/Scripts/Utilities using Guid(5cc8478d810664494aee752241da3318) Importer(815301076,1909f56bfc062723c751e8b465ee728b)  -> (artifact id: '84c3457fd4a41031cfddbd381a5bf245') in 0.000306 seconds
Number of updated asset objects reloaded before import = 0
Number of asset objects unloaded after import = 0
========================================================================
Received Import Request.
  Time since last request: 3.359014 seconds.
  path: Assets/Game/Scripts/Managers
  artifactKey: Guid(b042384db5ce949b19bf4bca70a518c4) Importer(815301076,1909f56bfc062723c751e8b465ee728b)
Start importing Assets/Game/Scripts/Managers using Guid(b042384db5ce949b19bf4bca70a518c4) Importer(815301076,1909f56bfc062723c751e8b465ee728b)  -> (artifact id: '31b8ebfd9e47058eeff108ff107d0616') in 0.000278 seconds
Number of updated asset objects reloaded before import = 0
Number of asset objects unloaded after import = 0
========================================================================
Received Import Request.
  Time since last request: 3.437587 seconds.
  path: Assets/Game/Scripts/UI
  artifactKey: Guid(4c62e04a3d0de43f9ae8be4b00fe1e9e) Importer(815301076,1909f56bfc062723c751e8b465ee728b)
Start importing Assets/Game/Scripts/UI using Guid(4c62e04a3d0de43f9ae8be4b00fe1e9e) Importer(815301076,1909f56bfc062723c751e8b465ee728b)  -> (artifact id: 'b179f5702cde354386760db480ee38a8') in 0.000290 seconds
Number of updated asset objects reloaded before import = 0
Number of asset objects unloaded after import = 0
